[2025-12-12T23:44:01.378Z] info  code-server 4.103.2 54b33a75e0b4593b77f9a217323c4b27a42f4073
[2025-12-12T23:44:01.393Z] info  Using user-data-dir /root/.local/share/code-server
[2025-12-12T23:44:01.463Z] info  Using config file /home/ubuntu/.config/code-server/config.yaml
[2025-12-12T23:44:01.463Z] info  HTTPS server listening on https://0.0.0.0/
[2025-12-12T23:44:01.464Z] info    - Authentication is enabled
[2025-12-12T23:44:01.464Z] info      - Using password from /home/ubuntu/.config/code-server/config.yaml
[2025-12-12T23:44:01.464Z] info    - Using certificate for HTTPS: /home/ubuntu/.config/code-server/selfsigned.crt
[2025-12-12T23:44:01.464Z] info  Session server listening on /root/.local/share/code-server/code-server-ipc.sock
[23:44:05] 




[23:44:05] Extension host agent started.
File not found: /var/app/code-server/lib/vscode/node_modules/vsda/rust/web/vsda.js
File not found: /var/app/code-server/lib/vscode/node_modules/vsda/rust/web/vsda_bg.wasm
[23:44:14] [<unknown>][e9dc8437][ManagementConnection] New connection established.
[23:44:17] [<unknown>][091f631a][ExtensionHostConnection] New connection established.
Error: Unexpected SIGPIPE
    at process.<anonymous> (file:///var/app/code-server/lib/vscode/out/server-main.js:207:8010)
    at process.emit (node:events:530:35)
[23:44:17] Error: Unexpected SIGPIPE
    at process.<anonymous> (file:///var/app/code-server/lib/vscode/out/server-main.js:188:1327)
    at process.emit (node:events:530:35)
[23:44:18] [<unknown>][091f631a][ExtensionHostConnection] <2276> Launched Extension Host Process.
